[18:36:13.322] Global cache location '/home/emottet/.cache/typescript/4.2', safe file path '/home/emottet/.nvm/versions/node/v16.2.0/lib/node_modules/typescript/lib/typingSafeList.json', types map path /home/emottet/.nvm/versions/node/v16.2.0/lib/node_modules/typescript/lib/typesMap.json
[18:36:13.323] Processing cache location '/home/emottet/.cache/typescript/4.2'
[18:36:13.323] Trying to find '/home/emottet/.cache/typescript/4.2/package.json'...
[18:36:13.324] Loaded content of '/home/emottet/.cache/typescript/4.2/package.json': {"private":true,"dependencies":{"types-registry":"^0.1.542"},"devDependencies":{"@types/inherits":"^0.0.30","@types/node":"^15.6.0"}}
[18:36:13.324] Loaded content of '/home/emottet/.cache/typescript/4.2/package-lock.json'
[18:36:13.335] Adding entry into typings cache: 'inherits' => '/home/emottet/.cache/typescript/4.2/node_modules/@types/inherits/index.d.ts'
[18:36:13.347] Adding entry into typings cache: 'node' => '/home/emottet/.cache/typescript/4.2/node_modules/@types/node/index.d.ts'
[18:36:13.348] Finished processing cache location '/home/emottet/.cache/typescript/4.2'
[18:36:13.348] Process id: 4024826
[18:36:13.348] NPM location: /home/emottet/.nvm/versions/node/v16.2.0/bin/npm (explicit '--npmLocation' not  provided)
[18:36:13.348] validateDefaultNpmLocation: false
[18:36:13.348] Npm config file: /home/emottet/.cache/typescript/4.2/package.json
[18:36:13.348] Updating types-registry npm package...
[18:36:13.348] Exec: /home/emottet/.nvm/versions/node/v16.2.0/bin/npm install --ignore-scripts types-registry@latest
[18:36:14.340]     Succeeded. stdout:
    
    up to date, audited 4 packages in 845ms

found 0 vulnerabilities

[18:36:14.340] Updated types-registry npm package
[18:36:15.105] Got install request {"projectName":"/dev/null/inferredProject1*","fileNames":["/home/emottet/.nvm/versions/node/v16.2.0/lib/node_modules/typescript/lib/lib.es5.d.ts","/home/emottet/.nvm/versions/node/v16.2.0/lib/node_modules/typescript/lib/lib.es2015.d.ts","/home/emottet/.nvm/versions/node/v16.2.0/lib/node_modules/typescript/lib/lib.es2016.d.ts","/home/emottet/.nvm/versions/node/v16.2.0/lib/node_modules/typescript/lib/lib.dom.d.ts","/home/emottet/.nvm/versions/node/v16.2.0/lib/node_modules/typescript/lib/lib.dom.iterable.d.ts","/home/emottet/.nvm/versions/node/v16.2.0/lib/node_modules/typescript/lib/lib.webworker.importscripts.d.ts","/home/emottet/.nvm/versions/node/v16.2.0/lib/node_modules/typescript/lib/lib.scripthost.d.ts","/home/emottet/.nvm/versions/node/v16.2.0/lib/node_modules/typescript/lib/lib.es2015.core.d.ts","/home/emottet/.nvm/versions/node/v16.2.0/lib/node_modules/typescript/lib/lib.es2015.collection.d.ts","/home/emottet/.nvm/versions/node/v16.2.0/lib/node_modules/typescript/lib/lib.es2015.generator.d.ts","/home/emottet/.nvm/versions/node/v16.2.0/lib/node_modules/typescript/lib/lib.es2015.iterable.d.ts","/home/emottet/.nvm/versions/node/v16.2.0/lib/node_modules/typescript/lib/lib.es2015.promise.d.ts","/home/emottet/.nvm/versions/node/v16.2.0/lib/node_modules/typescript/lib/lib.es2015.proxy.d.ts","/home/emottet/.nvm/versions/node/v16.2.0/lib/node_modules/typescript/lib/lib.es2015.reflect.d.ts","/home/emottet/.nvm/versions/node/v16.2.0/lib/node_modules/typescript/lib/lib.es2015.symbol.d.ts","/home/emottet/.nvm/versions/node/v16.2.0/lib/node_modules/typescript/lib/lib.es2015.symbol.wellknown.d.ts","/home/emottet/.nvm/versions/node/v16.2.0/lib/node_modules/typescript/lib/lib.es2016.array.include.d.ts","/home/emottet/.nvm/versions/node/v16.2.0/lib/node_modules/typescript/lib/lib.es2016.full.d.ts","/home/emottet/Documents/Perso/Sport/nextjs-blog/pages/_app.js"],"compilerOptions":{"module":1,"target":3,"jsx":1,"allowJs":true,"allowSyntheticDefaultImports":true,"allowNonTsExtensions":true,"noEmitForJsFiles":true,"maxNodeModuleJsDepth":2},"typeAcquisition":{"enable":true,"include":[],"exclude":[]},"unresolvedImports":[],"projectRootPath":"/home/emottet/Documents/Perso/Sport/nextjs-blog/pages","kind":"discover"}
[18:36:15.123] Loaded safelist from types map file '/home/emottet/.nvm/versions/node/v16.2.0/lib/node_modules/typescript/lib/typesMap.json'
[18:36:15.123] Explicitly included types: []
[18:36:15.124] Inferred typings from unresolved imports: []
[18:36:15.124] Result: {"cachedTypingPaths":[],"newTypingNames":[],"filesToWatch":["/home/emottet/Documents/Perso/Sport/nextjs-blog/pages/bower_components","/home/emottet/Documents/Perso/Sport/nextjs-blog/pages/node_modules"]}
[18:36:15.124] Finished typings discovery: {"cachedTypingPaths":[],"newTypingNames":[],"filesToWatch":["/home/emottet/Documents/Perso/Sport/nextjs-blog/pages/bower_components","/home/emottet/Documents/Perso/Sport/nextjs-blog/pages/node_modules"]}
[18:36:15.124] DirectoryWatcher:: Added:: WatchInfo: /home/emottet/Documents/Perso/Sport/nextjs-blog/pages/bower_components
[18:36:15.125] DirectoryWatcher:: Added:: WatchInfo: /home/emottet/Documents/Perso/Sport/nextjs-blog/pages/bower_components 1 undefined Project: /dev/null/inferredProject1* watcher already invoked: false
[18:36:15.126] Elapsed:: 1.0934810042381287ms DirectoryWatcher:: Added:: WatchInfo: /home/emottet/Documents/Perso/Sport/nextjs-blog/pages/bower_components 1 undefined Project: /dev/null/inferredProject1* watcher already invoked: false
[18:36:15.126] DirectoryWatcher:: Added:: WatchInfo: /home/emottet/Documents/Perso/Sport/nextjs-blog/pages/node_modules
[18:36:15.126] DirectoryWatcher:: Added:: WatchInfo: /home/emottet/Documents/Perso/Sport/nextjs-blog/pages/node_modules 1 undefined Project: /dev/null/inferredProject1* watcher already invoked: false
[18:36:15.126] Elapsed:: 0.09362199902534485ms DirectoryWatcher:: Added:: WatchInfo: /home/emottet/Documents/Perso/Sport/nextjs-blog/pages/node_modules 1 undefined Project: /dev/null/inferredProject1* watcher already invoked: false
[18:36:15.126] Sending response:
    {"projectName":"/dev/null/inferredProject1*","typeAcquisition":{"enable":true,"include":[],"exclude":[]},"compilerOptions":{"module":1,"target":3,"jsx":1,"allowJs":true,"allowSyntheticDefaultImports":true,"allowNonTsExtensions":true,"noEmitForJsFiles":true,"maxNodeModuleJsDepth":2},"typings":[],"unresolvedImports":[],"kind":"action::set"}
[18:36:15.127] Response has been sent.
[18:36:15.127] No new typings were requested as a result of typings discovery
[18:46:17.898] Got install request {"projectName":"/dev/null/inferredProject2*","fileNames":["/home/emottet/.nvm/versions/node/v16.2.0/lib/node_modules/typescript/lib/lib.es5.d.ts","/home/emottet/.nvm/versions/node/v16.2.0/lib/node_modules/typescript/lib/lib.es2015.d.ts","/home/emottet/.nvm/versions/node/v16.2.0/lib/node_modules/typescript/lib/lib.es2016.d.ts","/home/emottet/.nvm/versions/node/v16.2.0/lib/node_modules/typescript/lib/lib.dom.d.ts","/home/emottet/.nvm/versions/node/v16.2.0/lib/node_modules/typescript/lib/lib.dom.iterable.d.ts","/home/emottet/.nvm/versions/node/v16.2.0/lib/node_modules/typescript/lib/lib.webworker.importscripts.d.ts","/home/emottet/.nvm/versions/node/v16.2.0/lib/node_modules/typescript/lib/lib.scripthost.d.ts","/home/emottet/.nvm/versions/node/v16.2.0/lib/node_modules/typescript/lib/lib.es2015.core.d.ts","/home/emottet/.nvm/versions/node/v16.2.0/lib/node_modules/typescript/lib/lib.es2015.collection.d.ts","/home/emottet/.nvm/versions/node/v16.2.0/lib/node_modules/typescript/lib/lib.es2015.generator.d.ts","/home/emottet/.nvm/versions/node/v16.2.0/lib/node_modules/typescript/lib/lib.es2015.iterable.d.ts","/home/emottet/.nvm/versions/node/v16.2.0/lib/node_modules/typescript/lib/lib.es2015.promise.d.ts","/home/emottet/.nvm/versions/node/v16.2.0/lib/node_modules/typescript/lib/lib.es2015.proxy.d.ts","/home/emottet/.nvm/versions/node/v16.2.0/lib/node_modules/typescript/lib/lib.es2015.reflect.d.ts","/home/emottet/.nvm/versions/node/v16.2.0/lib/node_modules/typescript/lib/lib.es2015.symbol.d.ts","/home/emottet/.nvm/versions/node/v16.2.0/lib/node_modules/typescript/lib/lib.es2015.symbol.wellknown.d.ts","/home/emottet/.nvm/versions/node/v16.2.0/lib/node_modules/typescript/lib/lib.es2016.array.include.d.ts","/home/emottet/.nvm/versions/node/v16.2.0/lib/node_modules/typescript/lib/lib.es2016.full.d.ts","/home/emottet/Documents/Perso/Sport/nextjs-blog/components/layout.js"],"compilerOptions":{"module":1,"target":3,"jsx":1,"allowJs":true,"allowSyntheticDefaultImports":true,"allowNonTsExtensions":true,"noEmitForJsFiles":true,"maxNodeModuleJsDepth":2},"typeAcquisition":{"enable":true,"include":[],"exclude":[]},"unresolvedImports":[],"projectRootPath":"/home/emottet/Documents/Perso/Sport/nextjs-blog/components","kind":"discover"}
[18:46:17.898] Explicitly included types: []
[18:46:17.899] Inferred typings from unresolved imports: []
[18:46:17.899] Result: {"cachedTypingPaths":[],"newTypingNames":[],"filesToWatch":["/home/emottet/Documents/Perso/Sport/nextjs-blog/components/bower_components","/home/emottet/Documents/Perso/Sport/nextjs-blog/components/node_modules"]}
[18:46:17.899] Finished typings discovery: {"cachedTypingPaths":[],"newTypingNames":[],"filesToWatch":["/home/emottet/Documents/Perso/Sport/nextjs-blog/components/bower_components","/home/emottet/Documents/Perso/Sport/nextjs-blog/components/node_modules"]}
[18:46:17.899] DirectoryWatcher:: Added:: WatchInfo: /home/emottet/Documents/Perso/Sport/nextjs-blog/components/bower_components
[18:46:17.899] DirectoryWatcher:: Added:: WatchInfo: /home/emottet/Documents/Perso/Sport/nextjs-blog/components/bower_components 1 undefined Project: /dev/null/inferredProject2* watcher already invoked: false
[18:46:17.899] Elapsed:: 0.1706160008907318ms DirectoryWatcher:: Added:: WatchInfo: /home/emottet/Documents/Perso/Sport/nextjs-blog/components/bower_components 1 undefined Project: /dev/null/inferredProject2* watcher already invoked: false
[18:46:17.899] DirectoryWatcher:: Added:: WatchInfo: /home/emottet/Documents/Perso/Sport/nextjs-blog/components/node_modules
[18:46:17.899] DirectoryWatcher:: Added:: WatchInfo: /home/emottet/Documents/Perso/Sport/nextjs-blog/components/node_modules 1 undefined Project: /dev/null/inferredProject2* watcher already invoked: false
[18:46:17.899] Elapsed:: 0.12601900100708008ms DirectoryWatcher:: Added:: WatchInfo: /home/emottet/Documents/Perso/Sport/nextjs-blog/components/node_modules 1 undefined Project: /dev/null/inferredProject2* watcher already invoked: false
[18:46:17.900] Sending response:
    {"projectName":"/dev/null/inferredProject2*","typeAcquisition":{"enable":true,"include":[],"exclude":[]},"compilerOptions":{"module":1,"target":3,"jsx":1,"allowJs":true,"allowSyntheticDefaultImports":true,"allowNonTsExtensions":true,"noEmitForJsFiles":true,"maxNodeModuleJsDepth":2},"typings":[],"unresolvedImports":[],"kind":"action::set"}
[18:46:17.900] Response has been sent.
[18:46:17.900] No new typings were requested as a result of typings discovery
[18:46:39.811] Got install request {"projectName":"/dev/null/inferredProject2*","fileNames":["/home/emottet/.nvm/versions/node/v16.2.0/lib/node_modules/typescript/lib/lib.es5.d.ts","/home/emottet/.nvm/versions/node/v16.2.0/lib/node_modules/typescript/lib/lib.es2015.d.ts","/home/emottet/.nvm/versions/node/v16.2.0/lib/node_modules/typescript/lib/lib.es2016.d.ts","/home/emottet/.nvm/versions/node/v16.2.0/lib/node_modules/typescript/lib/lib.dom.d.ts","/home/emottet/.nvm/versions/node/v16.2.0/lib/node_modules/typescript/lib/lib.dom.iterable.d.ts","/home/emottet/.nvm/versions/node/v16.2.0/lib/node_modules/typescript/lib/lib.webworker.importscripts.d.ts","/home/emottet/.nvm/versions/node/v16.2.0/lib/node_modules/typescript/lib/lib.scripthost.d.ts","/home/emottet/.nvm/versions/node/v16.2.0/lib/node_modules/typescript/lib/lib.es2015.core.d.ts","/home/emottet/.nvm/versions/node/v16.2.0/lib/node_modules/typescript/lib/lib.es2015.collection.d.ts","/home/emottet/.nvm/versions/node/v16.2.0/lib/node_modules/typescript/lib/lib.es2015.generator.d.ts","/home/emottet/.nvm/versions/node/v16.2.0/lib/node_modules/typescript/lib/lib.es2015.iterable.d.ts","/home/emottet/.nvm/versions/node/v16.2.0/lib/node_modules/typescript/lib/lib.es2015.promise.d.ts","/home/emottet/.nvm/versions/node/v16.2.0/lib/node_modules/typescript/lib/lib.es2015.proxy.d.ts","/home/emottet/.nvm/versions/node/v16.2.0/lib/node_modules/typescript/lib/lib.es2015.reflect.d.ts","/home/emottet/.nvm/versions/node/v16.2.0/lib/node_modules/typescript/lib/lib.es2015.symbol.d.ts","/home/emottet/.nvm/versions/node/v16.2.0/lib/node_modules/typescript/lib/lib.es2015.symbol.wellknown.d.ts","/home/emottet/.nvm/versions/node/v16.2.0/lib/node_modules/typescript/lib/lib.es2016.array.include.d.ts","/home/emottet/.nvm/versions/node/v16.2.0/lib/node_modules/typescript/lib/lib.es2016.full.d.ts","/home/emottet/Documents/Perso/Sport/nextjs-blog/components/layout.js"],"compilerOptions":{"module":1,"target":3,"jsx":1,"allowJs":true,"allowSyntheticDefaultImports":true,"allowNonTsExtensions":true,"noEmitForJsFiles":true,"maxNodeModuleJsDepth":2},"typeAcquisition":{"enable":true,"include":[],"exclude":[]},"unresolvedImports":["react"],"projectRootPath":"/home/emottet/Documents/Perso/Sport/nextjs-blog/components","kind":"discover"}
[18:46:39.811] Explicitly included types: []
[18:46:39.811] Inferred typings from unresolved imports: ["react"]
[18:46:39.811] Result: {"cachedTypingPaths":[],"newTypingNames":["react"],"filesToWatch":["/home/emottet/Documents/Perso/Sport/nextjs-blog/components/bower_components","/home/emottet/Documents/Perso/Sport/nextjs-blog/components/node_modules"]}
[18:46:39.811] Finished typings discovery: {"cachedTypingPaths":[],"newTypingNames":["react"],"filesToWatch":["/home/emottet/Documents/Perso/Sport/nextjs-blog/components/bower_components","/home/emottet/Documents/Perso/Sport/nextjs-blog/components/node_modules"]}
[18:46:39.811] Installing typings ["react"]
[18:46:39.812] Npm config file: /home/emottet/.cache/typescript/4.2/package.json
[18:46:39.812] Sending response:
    {"kind":"event::beginInstallTypes","eventId":1,"typingsInstallerVersion":"4.2.4","projectName":"/dev/null/inferredProject2*"}
[18:46:39.812] Response has been sent.
[18:46:39.812] #1 with arguments'["@types/react@ts4.2"]'.
[18:46:39.812] Exec: /home/emottet/.nvm/versions/node/v16.2.0/bin/npm install --ignore-scripts @types/react@ts4.2 --save-dev --user-agent="typesInstaller/4.2.4"
[18:46:42.633]     Succeeded. stdout:
    
    added 4 packages, and audited 8 packages in 3s

found 0 vulnerabilities

[18:46:42.633] npm install #1 took: 2821 ms
[18:46:42.633] Installed typings ["@types/react@ts4.2"]
[18:46:42.637] Installed typing files ["/home/emottet/.cache/typescript/4.2/node_modules/@types/react/index.d.ts"]
[18:46:42.637] Sending response:
    {"projectName":"/dev/null/inferredProject2*","typeAcquisition":{"enable":true,"include":[],"exclude":[]},"compilerOptions":{"module":1,"target":3,"jsx":1,"allowJs":true,"allowSyntheticDefaultImports":true,"allowNonTsExtensions":true,"noEmitForJsFiles":true,"maxNodeModuleJsDepth":2},"typings":["/home/emottet/.cache/typescript/4.2/node_modules/@types/react/index.d.ts"],"unresolvedImports":["react"],"kind":"action::set"}
[18:46:42.637] Response has been sent.
[18:46:42.637] Sending response:
    {"kind":"event::endInstallTypes","eventId":1,"projectName":"/dev/null/inferredProject2*","packagesToInstall":["@types/react@ts4.2"],"installSuccess":true,"typingsInstallerVersion":"4.2.4"}
[18:46:42.637] Response has been sent.
[18:46:43.334] Got install request {"projectName":"/dev/null/inferredProject2*","fileNames":["/home/emottet/.nvm/versions/node/v16.2.0/lib/node_modules/typescript/lib/lib.es5.d.ts","/home/emottet/.nvm/versions/node/v16.2.0/lib/node_modules/typescript/lib/lib.es2015.d.ts","/home/emottet/.nvm/versions/node/v16.2.0/lib/node_modules/typescript/lib/lib.es2016.d.ts","/home/emottet/.nvm/versions/node/v16.2.0/lib/node_modules/typescript/lib/lib.dom.d.ts","/home/emottet/.nvm/versions/node/v16.2.0/lib/node_modules/typescript/lib/lib.dom.iterable.d.ts","/home/emottet/.nvm/versions/node/v16.2.0/lib/node_modules/typescript/lib/lib.webworker.importscripts.d.ts","/home/emottet/.nvm/versions/node/v16.2.0/lib/node_modules/typescript/lib/lib.scripthost.d.ts","/home/emottet/.nvm/versions/node/v16.2.0/lib/node_modules/typescript/lib/lib.es2015.core.d.ts","/home/emottet/.nvm/versions/node/v16.2.0/lib/node_modules/typescript/lib/lib.es2015.collection.d.ts","/home/emottet/.nvm/versions/node/v16.2.0/lib/node_modules/typescript/lib/lib.es2015.generator.d.ts","/home/emottet/.nvm/versions/node/v16.2.0/lib/node_modules/typescript/lib/lib.es2015.iterable.d.ts","/home/emottet/.nvm/versions/node/v16.2.0/lib/node_modules/typescript/lib/lib.es2015.promise.d.ts","/home/emottet/.nvm/versions/node/v16.2.0/lib/node_modules/typescript/lib/lib.es2015.proxy.d.ts","/home/emottet/.nvm/versions/node/v16.2.0/lib/node_modules/typescript/lib/lib.es2015.reflect.d.ts","/home/emottet/.nvm/versions/node/v16.2.0/lib/node_modules/typescript/lib/lib.es2015.symbol.d.ts","/home/emottet/.nvm/versions/node/v16.2.0/lib/node_modules/typescript/lib/lib.es2015.symbol.wellknown.d.ts","/home/emottet/.nvm/versions/node/v16.2.0/lib/node_modules/typescript/lib/lib.es2016.array.include.d.ts","/home/emottet/.nvm/versions/node/v16.2.0/lib/node_modules/typescript/lib/lib.es2016.full.d.ts","/home/emottet/.cache/typescript/4.2/node_modules/@types/react/global.d.ts","/home/emottet/.cache/typescript/4.2/node_modules/@types/react/index.d.ts","/home/emottet/Documents/Perso/Sport/nextjs-blog/components/layout.js"],"compilerOptions":{"module":1,"target":3,"jsx":1,"allowJs":true,"allowSyntheticDefaultImports":true,"allowNonTsExtensions":true,"noEmitForJsFiles":true,"maxNodeModuleJsDepth":2},"typeAcquisition":{"enable":true,"include":[],"exclude":[]},"unresolvedImports":[],"projectRootPath":"/home/emottet/Documents/Perso/Sport/nextjs-blog/components","kind":"discover"}
[18:46:43.335] Explicitly included types: []
[18:46:43.335] Inferred typings from unresolved imports: []
[18:46:43.335] Result: {"cachedTypingPaths":[],"newTypingNames":[],"filesToWatch":["/home/emottet/Documents/Perso/Sport/nextjs-blog/components/bower_components","/home/emottet/Documents/Perso/Sport/nextjs-blog/components/node_modules"]}
[18:46:43.336] Finished typings discovery: {"cachedTypingPaths":[],"newTypingNames":[],"filesToWatch":["/home/emottet/Documents/Perso/Sport/nextjs-blog/components/bower_components","/home/emottet/Documents/Perso/Sport/nextjs-blog/components/node_modules"]}
[18:46:43.336] Sending response:
    {"projectName":"/dev/null/inferredProject2*","typeAcquisition":{"enable":true,"include":[],"exclude":[]},"compilerOptions":{"module":1,"target":3,"jsx":1,"allowJs":true,"allowSyntheticDefaultImports":true,"allowNonTsExtensions":true,"noEmitForJsFiles":true,"maxNodeModuleJsDepth":2},"typings":[],"unresolvedImports":[],"kind":"action::set"}
[18:46:43.336] Response has been sent.
[18:46:43.336] No new typings were requested as a result of typings discovery
[18:46:43.738] Got install request {"projectName":"/dev/null/inferredProject2*","fileNames":["/home/emottet/.nvm/versions/node/v16.2.0/lib/node_modules/typescript/lib/lib.es5.d.ts","/home/emottet/.nvm/versions/node/v16.2.0/lib/node_modules/typescript/lib/lib.es2015.d.ts","/home/emottet/.nvm/versions/node/v16.2.0/lib/node_modules/typescript/lib/lib.es2016.d.ts","/home/emottet/.nvm/versions/node/v16.2.0/lib/node_modules/typescript/lib/lib.dom.d.ts","/home/emottet/.nvm/versions/node/v16.2.0/lib/node_modules/typescript/lib/lib.dom.iterable.d.ts","/home/emottet/.nvm/versions/node/v16.2.0/lib/node_modules/typescript/lib/lib.webworker.importscripts.d.ts","/home/emottet/.nvm/versions/node/v16.2.0/lib/node_modules/typescript/lib/lib.scripthost.d.ts","/home/emottet/.nvm/versions/node/v16.2.0/lib/node_modules/typescript/lib/lib.es2015.core.d.ts","/home/emottet/.nvm/versions/node/v16.2.0/lib/node_modules/typescript/lib/lib.es2015.collection.d.ts","/home/emottet/.nvm/versions/node/v16.2.0/lib/node_modules/typescript/lib/lib.es2015.generator.d.ts","/home/emottet/.nvm/versions/node/v16.2.0/lib/node_modules/typescript/lib/lib.es2015.iterable.d.ts","/home/emottet/.nvm/versions/node/v16.2.0/lib/node_modules/typescript/lib/lib.es2015.promise.d.ts","/home/emottet/.nvm/versions/node/v16.2.0/lib/node_modules/typescript/lib/lib.es2015.proxy.d.ts","/home/emottet/.nvm/versions/node/v16.2.0/lib/node_modules/typescript/lib/lib.es2015.reflect.d.ts","/home/emottet/.nvm/versions/node/v16.2.0/lib/node_modules/typescript/lib/lib.es2015.symbol.d.ts","/home/emottet/.nvm/versions/node/v16.2.0/lib/node_modules/typescript/lib/lib.es2015.symbol.wellknown.d.ts","/home/emottet/.nvm/versions/node/v16.2.0/lib/node_modules/typescript/lib/lib.es2016.array.include.d.ts","/home/emottet/.nvm/versions/node/v16.2.0/lib/node_modules/typescript/lib/lib.es2016.full.d.ts","/home/emottet/Documents/Perso/Sport/nextjs-blog/components/layout.js"],"compilerOptions":{"module":1,"target":3,"jsx":1,"allowJs":true,"allowSyntheticDefaultImports":true,"allowNonTsExtensions":true,"noEmitForJsFiles":true,"maxNodeModuleJsDepth":2},"typeAcquisition":{"enable":true,"include":[],"exclude":[]},"unresolvedImports":[],"projectRootPath":"/home/emottet/Documents/Perso/Sport/nextjs-blog/components","kind":"discover"}
[18:46:43.739] Explicitly included types: []
[18:46:43.739] Inferred typings from unresolved imports: []
[18:46:43.739] Result: {"cachedTypingPaths":[],"newTypingNames":[],"filesToWatch":["/home/emottet/Documents/Perso/Sport/nextjs-blog/components/bower_components","/home/emottet/Documents/Perso/Sport/nextjs-blog/components/node_modules"]}
[18:46:43.739] Finished typings discovery: {"cachedTypingPaths":[],"newTypingNames":[],"filesToWatch":["/home/emottet/Documents/Perso/Sport/nextjs-blog/components/bower_components","/home/emottet/Documents/Perso/Sport/nextjs-blog/components/node_modules"]}
[18:46:43.739] Sending response:
    {"projectName":"/dev/null/inferredProject2*","typeAcquisition":{"enable":true,"include":[],"exclude":[]},"compilerOptions":{"module":1,"target":3,"jsx":1,"allowJs":true,"allowSyntheticDefaultImports":true,"allowNonTsExtensions":true,"noEmitForJsFiles":true,"maxNodeModuleJsDepth":2},"typings":[],"unresolvedImports":[],"kind":"action::set"}
[18:46:43.740] Response has been sent.
[18:46:43.740] No new typings were requested as a result of typings discovery
[18:46:45.864] Got install request {"projectName":"/dev/null/inferredProject2*","fileNames":["/home/emottet/.nvm/versions/node/v16.2.0/lib/node_modules/typescript/lib/lib.es5.d.ts","/home/emottet/.nvm/versions/node/v16.2.0/lib/node_modules/typescript/lib/lib.es2015.d.ts","/home/emottet/.nvm/versions/node/v16.2.0/lib/node_modules/typescript/lib/lib.es2016.d.ts","/home/emottet/.nvm/versions/node/v16.2.0/lib/node_modules/typescript/lib/lib.dom.d.ts","/home/emottet/.nvm/versions/node/v16.2.0/lib/node_modules/typescript/lib/lib.dom.iterable.d.ts","/home/emottet/.nvm/versions/node/v16.2.0/lib/node_modules/typescript/lib/lib.webworker.importscripts.d.ts","/home/emottet/.nvm/versions/node/v16.2.0/lib/node_modules/typescript/lib/lib.scripthost.d.ts","/home/emottet/.nvm/versions/node/v16.2.0/lib/node_modules/typescript/lib/lib.es2015.core.d.ts","/home/emottet/.nvm/versions/node/v16.2.0/lib/node_modules/typescript/lib/lib.es2015.collection.d.ts","/home/emottet/.nvm/versions/node/v16.2.0/lib/node_modules/typescript/lib/lib.es2015.generator.d.ts","/home/emottet/.nvm/versions/node/v16.2.0/lib/node_modules/typescript/lib/lib.es2015.iterable.d.ts","/home/emottet/.nvm/versions/node/v16.2.0/lib/node_modules/typescript/lib/lib.es2015.promise.d.ts","/home/emottet/.nvm/versions/node/v16.2.0/lib/node_modules/typescript/lib/lib.es2015.proxy.d.ts","/home/emottet/.nvm/versions/node/v16.2.0/lib/node_modules/typescript/lib/lib.es2015.reflect.d.ts","/home/emottet/.nvm/versions/node/v16.2.0/lib/node_modules/typescript/lib/lib.es2015.symbol.d.ts","/home/emottet/.nvm/versions/node/v16.2.0/lib/node_modules/typescript/lib/lib.es2015.symbol.wellknown.d.ts","/home/emottet/.nvm/versions/node/v16.2.0/lib/node_modules/typescript/lib/lib.es2016.array.include.d.ts","/home/emottet/.nvm/versions/node/v16.2.0/lib/node_modules/typescript/lib/lib.es2016.full.d.ts","/home/emottet/Documents/Perso/Sport/nextjs-blog/components/layout.js"],"compilerOptions":{"module":1,"target":3,"jsx":1,"allowJs":true,"allowSyntheticDefaultImports":true,"allowNonTsExtensions":true,"noEmitForJsFiles":true,"maxNodeModuleJsDepth":2},"typeAcquisition":{"enable":true,"include":[],"exclude":[]},"unresolvedImports":[],"projectRootPath":"/home/emottet/Documents/Perso/Sport/nextjs-blog/components","kind":"discover"}
[18:46:45.864] Explicitly included types: []
[18:46:45.864] Inferred typings from unresolved imports: []
[18:46:45.864] Result: {"cachedTypingPaths":[],"newTypingNames":[],"filesToWatch":["/home/emottet/Documents/Perso/Sport/nextjs-blog/components/bower_components","/home/emottet/Documents/Perso/Sport/nextjs-blog/components/node_modules"]}
[18:46:45.864] Finished typings discovery: {"cachedTypingPaths":[],"newTypingNames":[],"filesToWatch":["/home/emottet/Documents/Perso/Sport/nextjs-blog/components/bower_components","/home/emottet/Documents/Perso/Sport/nextjs-blog/components/node_modules"]}
[18:46:45.864] Sending response:
    {"projectName":"/dev/null/inferredProject2*","typeAcquisition":{"enable":true,"include":[],"exclude":[]},"compilerOptions":{"module":1,"target":3,"jsx":1,"allowJs":true,"allowSyntheticDefaultImports":true,"allowNonTsExtensions":true,"noEmitForJsFiles":true,"maxNodeModuleJsDepth":2},"typings":[],"unresolvedImports":[],"kind":"action::set"}
[18:46:45.864] Response has been sent.
[18:46:45.864] No new typings were requested as a result of typings discovery
[18:46:52.672] Got install request {"projectName":"/dev/null/inferredProject2*","fileNames":["/home/emottet/.nvm/versions/node/v16.2.0/lib/node_modules/typescript/lib/lib.es5.d.ts","/home/emottet/.nvm/versions/node/v16.2.0/lib/node_modules/typescript/lib/lib.es2015.d.ts","/home/emottet/.nvm/versions/node/v16.2.0/lib/node_modules/typescript/lib/lib.es2016.d.ts","/home/emottet/.nvm/versions/node/v16.2.0/lib/node_modules/typescript/lib/lib.dom.d.ts","/home/emottet/.nvm/versions/node/v16.2.0/lib/node_modules/typescript/lib/lib.dom.iterable.d.ts","/home/emottet/.nvm/versions/node/v16.2.0/lib/node_modules/typescript/lib/lib.webworker.importscripts.d.ts","/home/emottet/.nvm/versions/node/v16.2.0/lib/node_modules/typescript/lib/lib.scripthost.d.ts","/home/emottet/.nvm/versions/node/v16.2.0/lib/node_modules/typescript/lib/lib.es2015.core.d.ts","/home/emottet/.nvm/versions/node/v16.2.0/lib/node_modules/typescript/lib/lib.es2015.collection.d.ts","/home/emottet/.nvm/versions/node/v16.2.0/lib/node_modules/typescript/lib/lib.es2015.generator.d.ts","/home/emottet/.nvm/versions/node/v16.2.0/lib/node_modules/typescript/lib/lib.es2015.iterable.d.ts","/home/emottet/.nvm/versions/node/v16.2.0/lib/node_modules/typescript/lib/lib.es2015.promise.d.ts","/home/emottet/.nvm/versions/node/v16.2.0/lib/node_modules/typescript/lib/lib.es2015.proxy.d.ts","/home/emottet/.nvm/versions/node/v16.2.0/lib/node_modules/typescript/lib/lib.es2015.reflect.d.ts","/home/emottet/.nvm/versions/node/v16.2.0/lib/node_modules/typescript/lib/lib.es2015.symbol.d.ts","/home/emottet/.nvm/versions/node/v16.2.0/lib/node_modules/typescript/lib/lib.es2015.symbol.wellknown.d.ts","/home/emottet/.nvm/versions/node/v16.2.0/lib/node_modules/typescript/lib/lib.es2016.array.include.d.ts","/home/emottet/.nvm/versions/node/v16.2.0/lib/node_modules/typescript/lib/lib.es2016.full.d.ts","/home/emottet/Documents/Perso/Sport/nextjs-blog/components/layout.js"],"compilerOptions":{"module":1,"target":3,"jsx":1,"allowJs":true,"allowSyntheticDefaultImports":true,"allowNonTsExtensions":true,"noEmitForJsFiles":true,"maxNodeModuleJsDepth":2},"typeAcquisition":{"enable":true,"include":[],"exclude":[]},"unresolvedImports":[],"projectRootPath":"/home/emottet/Documents/Perso/Sport/nextjs-blog/components","kind":"discover"}
[18:46:52.673] Explicitly included types: []
[18:46:52.674] Inferred typings from unresolved imports: []
[18:46:52.674] Result: {"cachedTypingPaths":[],"newTypingNames":[],"filesToWatch":["/home/emottet/Documents/Perso/Sport/nextjs-blog/components/bower_components","/home/emottet/Documents/Perso/Sport/nextjs-blog/components/node_modules"]}
[18:46:52.674] Finished typings discovery: {"cachedTypingPaths":[],"newTypingNames":[],"filesToWatch":["/home/emottet/Documents/Perso/Sport/nextjs-blog/components/bower_components","/home/emottet/Documents/Perso/Sport/nextjs-blog/components/node_modules"]}
[18:46:52.674] Sending response:
    {"projectName":"/dev/null/inferredProject2*","typeAcquisition":{"enable":true,"include":[],"exclude":[]},"compilerOptions":{"module":1,"target":3,"jsx":1,"allowJs":true,"allowSyntheticDefaultImports":true,"allowNonTsExtensions":true,"noEmitForJsFiles":true,"maxNodeModuleJsDepth":2},"typings":[],"unresolvedImports":[],"kind":"action::set"}
[18:46:52.675] Response has been sent.
[18:46:52.675] No new typings were requested as a result of typings discovery
